24-Apr 10:48:56.016 INFO ⚡ sdk › debugging connector at: C:\Users\SamStein\BigTop\acumatica-manufacturing-api [0m
24-Apr 10:48:56.019 INFO ⚡ sdk enforcing 8 GB memory limit on connector process to simulate production constraints [0m
24-Apr 10:48:58.087 INFO ⚡ sdk › starting connector tester [0m
24-Apr 10:48:59.932 INFO ⚡ debugger ℹ️ connector tester version: 2.26.0420.001 
24-Apr 10:48:59.966 INFO ⚡ debugger ℹ️ destination schema path: C:\Users\SamStein\BigTop\acumatica-manufacturing-api\files/warehouse.db (schema=tester) 
24-Apr 10:49:03.612 INFO ⚡ debugger previous state:
{} 
24-Apr 10:49:05.162 INFO ⚡ sdk calling schema() [0m
24-Apr 10:49:05.244 INFO ⚡ debugger schema change detected: tester.bill_of_material 
24-Apr 10:49:05.247 INFO ⚡ debugger schema change detected: tester.bill_of_material_operation 
24-Apr 10:49:05.247 INFO ⚡ debugger schema change detected: tester.production_order 
24-Apr 10:49:05.247 INFO ⚡ debugger schema change detected: tester.production_order_detail 
24-Apr 10:49:05.247 INFO ⚡ debugger schema change detected: tester.labor_entry 
24-Apr 10:49:05.247 INFO ⚡ debugger schema change detected: tester.labor_entry_detail 
24-Apr 10:49:05.247 INFO ⚡ debugger schema change detected: tester.material_entry 
24-Apr 10:49:05.247 INFO ⚡ debugger schema change detected: tester.material_entry_detail 
24-Apr 10:49:05.249 INFO ⚡ debugger schema change detected: tester.work_center 
24-Apr 10:49:05.249 INFO ⚡ debugger schema change detected: tester.machine 
24-Apr 10:49:05.249 INFO ⚡ debugger schema change detected: tester.shift 
24-Apr 10:49:05.276 INFO ⚡ sdk calling update() [0m
24-Apr 10:49:05.278 INFO Connecting to Acumatica Manufacturing API: https://bigtopshelters.acumatica.com/entity/MANUFACTURING/24.200.001 [0m
24-Apr 10:49:05.278 INFO Using refresh_token grant [0m
24-Apr 10:49:06.156 INFO Refresh token rotated; new value: ybNxv1RA5ErXpm7F5jDvut0cebycFxCKEIr0itJzh5o [0m
24-Apr 10:49:06.161 INFO Syncing bill_of_material (full refresh) [0m
24-Apr 10:49:07.766 INFO ⚡ debugger table created: tester.bill_of_material 
24-Apr 10:49:07.964 INFO ⚡ debugger table created: tester.bill_of_material_operation 
24-Apr 10:49:15.889 INFO   → 198 bill_of_material rows, 2928 bill_of_material_operation rows [0m
24-Apr 10:49:15.893 INFO Syncing production_order (full refresh) [0m
24-Apr 10:49:21.750 INFO   → 280 production_order rows [0m
24-Apr 10:49:21.763 INFO Syncing production_order_detail (full refresh) [0m
24-Apr 10:49:23.112 INFO   → 280 production_order_detail rows [0m
24-Apr 10:49:23.116 INFO Syncing labor_entry (full refresh) [0m
24-Apr 10:49:23.612 INFO   → 15 labor_entry rows, 79 labor_entry_detail rows [0m
24-Apr 10:49:23.622 INFO Syncing material_entry (full refresh) [0m
24-Apr 11:04:49.843 INFO ⚡ debugger checkpoint recorded: {"refresh_token": "ybNxv1RA5ErXpm7F5jDvut0cebycFxCKEIr0itJzh5o"} 
24-Apr 11:04:49.847 INFO ⚡ debugger SYNC PROGRESS — elapsed 00:15:46
Operation       | Counts    
----------------+------------
Upserts         | 3126      
Updates         | 0         
Deletes         | 0         
Truncates       | 0         
Schema changes  | 11        
Checkpoints     | 1         


Note: Debug performance depends on your local machine; production runs faster.
Docs: https://fivetran.com/docs/connector-sdk/technical-reference#systemresources 
24-Apr 11:04:50.068 INFO ⚡ debugger table created: tester.production_order 
24-Apr 11:07:34.832 INFO ⚡ debugger checkpoint recorded: {"refresh_token": "ybNxv1RA5ErXpm7F5jDvut0cebycFxCKEIr0itJzh5o"} 
24-Apr 11:07:34.890 INFO ⚡ debugger table created: tester.production_order_detail 
24-Apr 11:08:05.331 INFO ⚡ debugger checkpoint recorded: {"refresh_token": "ybNxv1RA5ErXpm7F5jDvut0cebycFxCKEIr0itJzh5o"} 
24-Apr 11:08:05.408 INFO ⚡ debugger table created: tester.labor_entry 
24-Apr 11:08:05.561 INFO ⚡ debugger table created: tester.labor_entry_detail 
24-Apr 11:08:30.505 INFO ⚡ debugger checkpoint recorded: {"refresh_token": "ybNxv1RA5ErXpm7F5jDvut0cebycFxCKEIr0itJzh5o"} 
24-Apr 11:08:30.599 INFO ⚡ debugger table created: tester.material_entry 
24-Apr 11:08:30.761 INFO ⚡ debugger table created: tester.material_entry_detail 
24-Apr 11:09:10.470 INFO   → 282 material_entry rows, 7940 material_entry_detail rows [0m
24-Apr 11:09:10.475 INFO Syncing work_center (full refresh) [0m
24-Apr 11:09:10.895 INFO   → 39 work_center rows [0m
24-Apr 11:09:10.901 INFO Syncing machine (full refresh) [0m
24-Apr 11:09:11.121 INFO   → 0 machine rows [0m
24-Apr 11:09:11.123 INFO Syncing shift (full refresh) [0m
24-Apr 11:09:11.297 INFO   → 2 shift rows [0m
24-Apr 11:09:11.300 INFO Manufacturing sync complete. [0m
Traceback (most recent call last):
  File "C:\Users\SamStein\BigTop\acumatica-manufacturing-api\.venv\Lib\site-packages\fivetran_connector_sdk\__init__.py", line 347, in debug
    for log_msg in run_tester(
                   ^^^^^^^^^^^
  File "C:\Users\SamStein\BigTop\acumatica-manufacturing-api\.venv\Lib\site-packages\fivetran_connector_sdk\connector_helper.py", line 1701, in run_tester
    raise subprocess.CalledProcessError(return_code, redacted_cmd)
subprocess.CalledProcessError: Command '['C:\\Users\\SamStein\\.ft_sdk_connector_tester\\bin\\java.exe', '-jar', 'C:\\Users\\SamStein\\.ft_sdk_connector_tester\\sdk_connector_tester.jar', '--connector-sdk=true', '--port=50051', '--working-dir=C:\\Users\\SamStein\\BigTop\\acumatica-manufacturing-api\\files', '--tester-type=source', '--state={}', '--configuration={"acumatica_url": "****", "client_id": "****", "client_secret": "****", "api_version": "****", "refresh_token": "****"}']' returned non-zero exit status 1.

Traceback (most recent call last):
  File "C:\Users\SamStein\BigTop\acumatica-manufacturing-api\connector.py", line 285, in <module>
    connector.debug(configuration=_cfg)
  File "C:\Users\SamStein\BigTop\acumatica-manufacturing-api\.venv\Lib\site-packages\fivetran_connector_sdk\__init__.py", line 353, in debug
    raise e
  File "C:\Users\SamStein\BigTop\acumatica-manufacturing-api\.venv\Lib\site-packages\fivetran_connector_sdk\__init__.py", line 347, in debug
    for log_msg in run_tester(
                   ^^^^^^^^^^^
  File "C:\Users\SamStein\BigTop\acumatica-manufacturing-api\.venv\Lib\site-packages\fivetran_connector_sdk\connector_helper.py", line 1701, in run_tester
    raise subprocess.CalledProcessError(return_code, redacted_cmd)
subprocess.CalledProcessError: Command '['C:\\Users\\SamStein\\.ft_sdk_connector_tester\\bin\\java.exe', '-jar', 'C:\\Users\\SamStein\\.ft_sdk_connector_tester\\sdk_connector_tester.jar', '--connector-sdk=true', '--port=50051', '--working-dir=C:\\Users\\SamStein\\BigTop\\acumatica-manufacturing-api\\files', '--tester-type=source', '--state={}', '--configuration={"acumatica_url": "****", "client_id": "****", "client_secret": "****", "api_version": "****", "refresh_token": "****"}']' returned non-zero exit status 1.
